{
  "RSpec": {
    "coverage": {
      "/Users/sakai/coding/enechange/coding-challenge/serverside_challenge_1/challenges/daichi1991/backend/simulator/spec/models/basic_charge_spec.rb": {
        "lines": [
          1,
          null,
          1,
          1,
          1,
          4,
          4,
          null,
          1,
          1,
          1,
          null,
          null,
          1,
          1,
          1,
          1,
          null,
          null,
          1,
          1,
          1,
          1,
          null,
          null,
          1,
          1,
          1,
          1,
          null,
          null,
          null
        ]
      },
      "/Users/sakai/coding/enechange/coding-challenge/serverside_challenge_1/challenges/daichi1991/backend/simulator/spec/rails_helper.rb": {
        "lines": [
          null,
          1,
          1,
          1,
          null,
          1,
          1,
          null,
          null,
          null,
          null,
          null,
          null,
          null,
          null,
          null,
          null,
          null,
          null,
          null,
          null,
          null,
          1,
          null,
          null,
          null,
          null,
          1,
          null,
          0,
          0,
          null,
          1,
          null,
          1,
          null,
          null,
          null,
          null,
          1,
          null,
          null,
          null,
          null,
          null,
          null,
          null,
          null,
          null,
          null,
          null,
          null,
          null,
          null,
          null,
          null,
          null,
          1,
          null,
          null,
          1,
          null,
          null,
          1,
          null
        ]
      },
      "/Users/sakai/coding/enechange/coding-challenge/serverside_challenge_1/challenges/daichi1991/backend/simulator/config/environment.rb": {
        "lines": [
          null,
          1,
          null,
          null,
          1
        ]
      },
      "/Users/sakai/coding/enechange/coding-challenge/serverside_challenge_1/challenges/daichi1991/backend/simulator/config/application.rb": {
        "lines": [
          1,
          null,
          1,
          null,
          1,
          1,
          1,
          1,
          1,
          1,
          1,
          1,
          1,
          1,
          null,
          1,
          null,
          null,
          null,
          1,
          null,
          1,
          1,
          null,
          1,
          null,
          null,
          null,
          null,
          null,
          null,
          null,
          null,
          null,
          1,
          null,
          1,
          1,
          null,
          null,
          null,
          null,
          null,
          null,
          null
        ]
      },
      "/Users/sakai/coding/enechange/coding-challenge/serverside_challenge_1/challenges/daichi1991/backend/simulator/config/boot.rb": {
        "lines": [
          1,
          null,
          1,
          1
        ]
      },
      "/Users/sakai/coding/enechange/coding-challenge/serverside_challenge_1/challenges/daichi1991/backend/simulator/config/spring.rb": {
        "lines": [
          1,
          null,
          null,
          null,
          null,
          null
        ]
      },
      "/Users/sakai/coding/enechange/coding-challenge/serverside_challenge_1/challenges/daichi1991/backend/simulator/config/environments/test.rb": {
        "lines": [
          null,
          null,
          null,
          null,
          null,
          1,
          null,
          null,
          1,
          null,
          null,
          null,
          null,
          1,
          null,
          null,
          1,
          1,
          null,
          null,
          null,
          null,
          1,
          1,
          1,
          null,
          null,
          1,
          null,
          null,
          1,
          null,
          null,
          1,
          null,
          1,
          null,
          null,
          null,
          null,
          1,
          null,
          null,
          1,
          null,
          null,
          null,
          null
        ]
      },
      "/Users/sakai/coding/enechange/coding-challenge/serverside_challenge_1/challenges/daichi1991/backend/simulator/config/initializers/application_controller_renderer.rb": {
        "lines": [
          null,
          null,
          null,
          null,
          null,
          null,
          null,
          null
        ]
      },
      "/Users/sakai/coding/enechange/coding-challenge/serverside_challenge_1/challenges/daichi1991/backend/simulator/config/initializers/backtrace_silencers.rb": {
        "lines": [
          null,
          null,
          null,
          null,
          null,
          null,
          null
        ]
      },
      "/Users/sakai/coding/enechange/coding-challenge/serverside_challenge_1/challenges/daichi1991/backend/simulator/config/initializers/cors.rb": {
        "lines": [
          null,
          null,
          null,
          null,
          null,
          null,
          null,
          null,
          1,
          1,
          1,
          1,
          null,
          null,
          null,
          null,
          null
        ]
      },
      "/Users/sakai/coding/enechange/coding-challenge/serverside_challenge_1/challenges/daichi1991/backend/simulator/config/initializers/filter_parameter_logging.rb": {
        "lines": [
          null,
          null,
          null,
          1
        ]
      },
      "/Users/sakai/coding/enechange/coding-challenge/serverside_challenge_1/challenges/daichi1991/backend/simulator/config/initializers/inflections.rb": {
        "lines": [
          null,
          null,
          null,
          null,
          null,
          null,
          null,
          null,
          null,
          null,
          null,
          null,
          null,
          null,
          null,
          null
        ]
      },
      "/Users/sakai/coding/enechange/coding-challenge/serverside_challenge_1/challenges/daichi1991/backend/simulator/config/initializers/mime_types.rb": {
        "lines": [
          null,
          null,
          null,
          null
        ]
      },
      "/Users/sakai/coding/enechange/coding-challenge/serverside_challenge_1/challenges/daichi1991/backend/simulator/config/initializers/wrap_parameters.rb": {
        "lines": [
          null,
          null,
          null,
          null,
          null,
          null,
          1,
          2,
          null,
          null,
          null,
          null,
          null,
          null
        ]
      },
      "/Users/sakai/coding/enechange/coding-challenge/serverside_challenge_1/challenges/daichi1991/backend/simulator/spec/factories/basic_charges.rb": {
        "lines": [
          1,
          1,
          1,
          20,
          20,
          20,
          20,
          null,
          1,
          3,
          3,
          3,
          3,
          null,
          null,
          null
        ]
      },
      "/Users/sakai/coding/enechange/coding-challenge/serverside_challenge_1/challenges/daichi1991/backend/simulator/spec/factories/commodity_charges.rb": {
        "lines": [
          1,
          1,
          1,
          29,
          29,
          29,
          29,
          29,
          null,
          1,
          13,
          13,
          13,
          13,
          13,
          null,
          1,
          13,
          13,
          13,
          13,
          13,
          null,
          1,
          3,
          3,
          3,
          3,
          3,
          null,
          null,
          null
        ]
      },
      "/Users/sakai/coding/enechange/coding-challenge/serverside_challenge_1/challenges/daichi1991/backend/simulator/spec/factories/plans.rb": {
        "lines": [
          1,
          1,
          1,
          38,
          38,
          38,
          null,
          null,
          1,
          4,
          4,
          4,
          null,
          null,
          1,
          2,
          2,
          2,
          null,
          null,
          null
        ]
      },
      "/Users/sakai/coding/enechange/coding-challenge/serverside_challenge_1/challenges/daichi1991/backend/simulator/spec/factories/providers.rb": {
        "lines": [
          1,
          1,
          1,
          42,
          42,
          null,
          null,
          1,
          5,
          5,
          null,
          null,
          1,
          3,
          3,
          null,
          null,
          null
        ]
      },
      "/Users/sakai/coding/enechange/coding-challenge/serverside_challenge_1/challenges/daichi1991/backend/simulator/config/routes.rb": {
        "lines": [
          1,
          null,
          1,
          1,
          1,
          null,
          null,
          null
        ]
      },
      "/Users/sakai/coding/enechange/coding-challenge/serverside_challenge_1/challenges/daichi1991/backend/simulator/app/models/basic_charge.rb": {
        "lines": [
          1,
          1,
          1,
          1,
          1,
          null
        ]
      },
      "/Users/sakai/coding/enechange/coding-challenge/serverside_challenge_1/challenges/daichi1991/backend/simulator/app/models/application_record.rb": {
        "lines": [
          1,
          1,
          null
        ]
      },
      "/Users/sakai/coding/enechange/coding-challenge/serverside_challenge_1/challenges/daichi1991/backend/simulator/spec/models/commodity_charge_spec.rb": {
        "lines": [
          1,
          null,
          1,
          1,
          1,
          1,
          1,
          null,
          1,
          1,
          1,
          null,
          null,
          1,
          1,
          2,
          2,
          null,
          1,
          1,
          1,
          1,
          null,
          1,
          1,
          1,
          1,
          null,
          null,
          1,
          1,
          2,
          2,
          2,
          2,
          2,
          null,
          1,
          1,
          1,
          null,
          1,
          1,
          1,
          null,
          null,
          null,
          1,
          1,
          2,
          2,
          2,
          2,
          2,
          null,
          1,
          1,
          1,
          null,
          1,
          1,
          1,
          null,
          null,
          1,
          1,
          3,
          3,
          3,
          3,
          3,
          null,
          1,
          1,
          1,
          1,
          null,
          1,
          1,
          1,
          1,
          null,
          1,
          1,
          1,
          1,
          null,
          null,
          1,
          1,
          3,
          3,
          3,
          3,
          3,
          null,
          1,
          1,
          1,
          null,
          1,
          1,
          1,
          null,
          1,
          1,
          1,
          null,
          null,
          null
        ]
      },
      "/Users/sakai/coding/enechange/coding-challenge/serverside_challenge_1/challenges/daichi1991/backend/simulator/app/models/commodity_charge.rb": {
        "lines": [
          1,
          null,
          1,
          1,
          1,
          1,
          1,
          null,
          null,
          null,
          null,
          null,
          22,
          22,
          null,
          1,
          14,
          14,
          14,
          null,
          null,
          null,
          1,
          19,
          null,
          null,
          1,
          17,
          17,
          17,
          19,
          6,
          null,
          13,
          null,
          19,
          null,
          17,
          null,
          null,
          null
        ]
      },
      "/Users/sakai/coding/enechange/coding-challenge/serverside_challenge_1/challenges/daichi1991/backend/simulator/spec/models/plan_spec.rb": {
        "lines": [
          1,
          null,
          1,
          1,
          1,
          5,
          null,
          1,
          1,
          1,
          null,
          null,
          1,
          1,
          1,
          1,
          null,
          null,
          1,
          1,
          1,
          1,
          null,
          null,
          1,
          1,
          1,
          1,
          null,
          null,
          1,
          1,
          1,
          1,
          1,
          1,
          1,
          1,
          null,
          null,
          1,
          1,
          3,
          3,
          3,
          3,
          null,
          1,
          1,
          1,
          null,
          1,
          1,
          1,
          null,
          1,
          1,
          1,
          null,
          null,
          1,
          1,
          2,
          2,
          2,
          2,
          null,
          1,
          1,
          1,
          1,
          null,
          1,
          1,
          1,
          null,
          null,
          1,
          1,
          3,
          3,
          3,
          3,
          null,
          1,
          1,
          1,
          1,
          1,
          null,
          1,
          1,
          1,
          1,
          1,
          null,
          1,
          1,
          1,
          1,
          null,
          null,
          1,
          1,
          3,
          3,
          3,
          3,
          null,
          1,
          1,
          1,
          1,
          1,
          1,
          null,
          1,
          1,
          1,
          1,
          1,
          1,
          null,
          1,
          1,
          1,
          1,
          1,
          null,
          null,
          1,
          1,
          2,
          2,
          2,
          2,
          null,
          1,
          1,
          1,
          1,
          1,
          1,
          1,
          null,
          1,
          1,
          1,
          1,
          1,
          1,
          1,
          1,
          1,
          1,
          null,
          null,
          1,
          1,
          2,
          2,
          2,
          2,
          2,
          2,
          2,
          2,
          2,
          2,
          null,
          1,
          1,
          1,
          1,
          1,
          1,
          1,
          1,
          null,
          1,
          1,
          1,
          1,
          1,
          1,
          1,
          1,
          null,
          null,
          null,
          null,
          null,
          null
        ]
      },
      "/Users/sakai/coding/enechange/coding-challenge/serverside_challenge_1/challenges/daichi1991/backend/simulator/app/models/plan.rb": {
        "lines": [
          1,
          null,
          1,
          1,
          1,
          null,
          1,
          1,
          1,
          null,
          null,
          1,
          16,
          null,
          null,
          null,
          null,
          null,
          null,
          null,
          null,
          1,
          16,
          null,
          null,
          null,
          null,
          1,
          1,
          1,
          1,
          1,
          1,
          1,
          null,
          null,
          1,
          12,
          null,
          null,
          1,
          10,
          10,
          11,
          11,
          11,
          null,
          null,
          null,
          1,
          7,
          7,
          8,
          8,
          8,
          null,
          null,
          null,
          1,
          5,
          5,
          6,
          null,
          5,
          null,
          null,
          1,
          7,
          null,
          null
        ]
      },
      "/Users/sakai/coding/enechange/coding-challenge/serverside_challenge_1/challenges/daichi1991/backend/simulator/spec/models/provider_spec.rb": {
        "lines": [
          1,
          null,
          1,
          1,
          1,
          1,
          1,
          null,
          null,
          1,
          1,
          1,
          1,
          null,
          null,
          1,
          1,
          1,
          1,
          null,
          null,
          1,
          1,
          1,
          1,
          1,
          1,
          null,
          null,
          null
        ]
      },
      "/Users/sakai/coding/enechange/coding-challenge/serverside_challenge_1/challenges/daichi1991/backend/simulator/app/models/provider.rb": {
        "lines": [
          1,
          1,
          1,
          1,
          null
        ]
      },
      "/Users/sakai/coding/enechange/coding-challenge/serverside_challenge_1/challenges/daichi1991/backend/simulator/spec/requests/plans_spec.rb": {
        "lines": [
          1,
          null,
          1,
          1,
          1,
          1,
          1,
          null,
          1,
          1,
          1,
          null,
          1,
          1,
          1,
          null,
          1,
          1,
          1,
          null,
          1,
          1,
          1,
          null,
          null,
          null
        ]
      },
      "/Users/sakai/coding/enechange/coding-challenge/serverside_challenge_1/challenges/daichi1991/backend/simulator/app/controllers/application_controller.rb": {
        "lines": [
          1,
          1,
          1,
          null,
          null,
          1,
          4,
          null,
          null
        ]
      },
      "/Users/sakai/coding/enechange/coding-challenge/serverside_challenge_1/challenges/daichi1991/backend/simulator/app/controllers/api/v1/plans_controller.rb": {
        "lines": [
          1,
          1,
          1,
          1,
          5,
          5,
          5,
          3,
          2,
          1,
          null,
          1,
          1,
          null,
          null,
          null,
          null,
          null
        ]
      }
    },
    "timestamp": 1648392802
  }
}
