{
  "RSpec": {
    "coverage": {
      "/Users/sakai/coding/enechange/coding-challenge/serverside_challenge_1/challenges/daichi1991/backend/simulator/spec/models/basic_charge_spec.rb": {
        "lines": [
          1,
          null,
          1,
          1,
          1,
          1,
          1,
          1,
          null,
          null,
          1,
          1,
          1,
          1,
          1,
          null,
          null,
          1,
          1,
          1,
          1,
          1,
          null,
          null,
          1,
          1,
          1,
          1,
          1,
          null,
          null,
          null
        ]
      },
      "/Users/sakai/coding/enechange/coding-challenge/serverside_challenge_1/challenges/daichi1991/backend/simulator/spec/rails_helper.rb": {
        "lines": [
          null,
          1,
          1,
          1,
          null,
          1,
          1,
          null,
          null,
          null,
          null,
          null,
          null,
          null,
          null,
          null,
          null,
          null,
          null,
          null,
          null,
          null,
          1,
          null,
          null,
          null,
          null,
          1,
          null,
          0,
          0,
          null,
          1,
          null,
          1,
          null,
          null,
          null,
          null,
          1,
          null,
          null,
          null,
          null,
          null,
          null,
          null,
          null,
          null,
          null,
          null,
          null,
          null,
          null,
          null,
          null,
          null,
          1,
          null,
          null,
          1,
          null,
          null,
          1,
          null
        ]
      },
      "/Users/sakai/coding/enechange/coding-challenge/serverside_challenge_1/challenges/daichi1991/backend/simulator/config/environment.rb": {
        "lines": [
          null,
          1,
          null,
          null,
          1
        ]
      },
      "/Users/sakai/coding/enechange/coding-challenge/serverside_challenge_1/challenges/daichi1991/backend/simulator/config/application.rb": {
        "lines": [
          1,
          null,
          1,
          null,
          1,
          1,
          1,
          1,
          1,
          1,
          1,
          1,
          1,
          1,
          null,
          1,
          null,
          null,
          null,
          1,
          null,
          1,
          1,
          null,
          1,
          null,
          null,
          null,
          null,
          null,
          null,
          null,
          null,
          null,
          1,
          null,
          1,
          1,
          null,
          null,
          null,
          null,
          null,
          null,
          null
        ]
      },
      "/Users/sakai/coding/enechange/coding-challenge/serverside_challenge_1/challenges/daichi1991/backend/simulator/config/boot.rb": {
        "lines": [
          1,
          null,
          1,
          1
        ]
      },
      "/Users/sakai/coding/enechange/coding-challenge/serverside_challenge_1/challenges/daichi1991/backend/simulator/config/spring.rb": {
        "lines": [
          1,
          null,
          null,
          null,
          null,
          null
        ]
      },
      "/Users/sakai/coding/enechange/coding-challenge/serverside_challenge_1/challenges/daichi1991/backend/simulator/config/environments/test.rb": {
        "lines": [
          null,
          null,
          null,
          null,
          null,
          1,
          null,
          null,
          1,
          null,
          null,
          null,
          null,
          1,
          null,
          null,
          1,
          1,
          null,
          null,
          null,
          null,
          1,
          1,
          1,
          null,
          null,
          1,
          null,
          null,
          1,
          null,
          null,
          1,
          null,
          1,
          null,
          null,
          null,
          null,
          1,
          null,
          null,
          1,
          null,
          null,
          null,
          null
        ]
      },
      "/Users/sakai/coding/enechange/coding-challenge/serverside_challenge_1/challenges/daichi1991/backend/simulator/config/initializers/application_controller_renderer.rb": {
        "lines": [
          null,
          null,
          null,
          null,
          null,
          null,
          null,
          null
        ]
      },
      "/Users/sakai/coding/enechange/coding-challenge/serverside_challenge_1/challenges/daichi1991/backend/simulator/config/initializers/backtrace_silencers.rb": {
        "lines": [
          null,
          null,
          null,
          null,
          null,
          null,
          null
        ]
      },
      "/Users/sakai/coding/enechange/coding-challenge/serverside_challenge_1/challenges/daichi1991/backend/simulator/config/initializers/cors.rb": {
        "lines": [
          null,
          null,
          null,
          null,
          null,
          null,
          null,
          1,
          1,
          1,
          1,
          null,
          0,
          null,
          null,
          1,
          null,
          null,
          null,
          null
        ]
      },
      "/Users/sakai/coding/enechange/coding-challenge/serverside_challenge_1/challenges/daichi1991/backend/simulator/config/initializers/filter_parameter_logging.rb": {
        "lines": [
          null,
          null,
          null,
          1
        ]
      },
      "/Users/sakai/coding/enechange/coding-challenge/serverside_challenge_1/challenges/daichi1991/backend/simulator/config/initializers/inflections.rb": {
        "lines": [
          null,
          null,
          null,
          null,
          null,
          null,
          null,
          null,
          null,
          null,
          null,
          null,
          null,
          null,
          null,
          null
        ]
      },
      "/Users/sakai/coding/enechange/coding-challenge/serverside_challenge_1/challenges/daichi1991/backend/simulator/config/initializers/mime_types.rb": {
        "lines": [
          null,
          null,
          null,
          null
        ]
      },
      "/Users/sakai/coding/enechange/coding-challenge/serverside_challenge_1/challenges/daichi1991/backend/simulator/config/initializers/wrap_parameters.rb": {
        "lines": [
          null,
          null,
          null,
          null,
          null,
          null,
          1,
          2,
          null,
          null,
          null,
          null,
          null,
          null
        ]
      },
      "/Users/sakai/coding/enechange/coding-challenge/serverside_challenge_1/challenges/daichi1991/backend/simulator/spec/factories/basic_charges.rb": {
        "lines": [
          1,
          1,
          1,
          5,
          5,
          5,
          5,
          null,
          null,
          1,
          1,
          1,
          1,
          1,
          null,
          null,
          null
        ]
      },
      "/Users/sakai/coding/enechange/coding-challenge/serverside_challenge_1/challenges/daichi1991/backend/simulator/spec/factories/commodity_charges.rb": {
        "lines": [
          1,
          1,
          1,
          4,
          4,
          4,
          4,
          4,
          null,
          null,
          1,
          1,
          1,
          1,
          1,
          1,
          null,
          null,
          null
        ]
      },
      "/Users/sakai/coding/enechange/coding-challenge/serverside_challenge_1/challenges/daichi1991/backend/simulator/spec/factories/plans.rb": {
        "lines": [
          1,
          1,
          1,
          12,
          12,
          12,
          null,
          null,
          1,
          2,
          2,
          2,
          null,
          null,
          1,
          2,
          2,
          2,
          null,
          null,
          1,
          1,
          1,
          1,
          null,
          null,
          null
        ]
      },
      "/Users/sakai/coding/enechange/coding-challenge/serverside_challenge_1/challenges/daichi1991/backend/simulator/config/routes.rb": {
        "lines": [
          1,
          null,
          1,
          1,
          1,
          null,
          null,
          null
        ]
      },
      "/Users/sakai/coding/enechange/coding-challenge/serverside_challenge_1/challenges/daichi1991/backend/simulator/app/models/basic_charge.rb": {
        "lines": [
          1,
          1,
          1,
          1,
          1,
          null
        ]
      },
      "/Users/sakai/coding/enechange/coding-challenge/serverside_challenge_1/challenges/daichi1991/backend/simulator/app/models/application_record.rb": {
        "lines": [
          1,
          1,
          null
        ]
      },
      "/Users/sakai/coding/enechange/coding-challenge/serverside_challenge_1/challenges/daichi1991/backend/simulator/spec/models/commodity_charge_spec.rb": {
        "lines": [
          1,
          null,
          1,
          1,
          1,
          1,
          1,
          1,
          null,
          null,
          1,
          1,
          1,
          1,
          1,
          1,
          null,
          1,
          1,
          1,
          1,
          1,
          null,
          null,
          null
        ]
      },
      "/Users/sakai/coding/enechange/coding-challenge/serverside_challenge_1/challenges/daichi1991/backend/simulator/app/models/commodity_charge.rb": {
        "lines": [
          1,
          1,
          1,
          1,
          1,
          1,
          null,
          1,
          1,
          1,
          1,
          null
        ]
      },
      "/Users/sakai/coding/enechange/coding-challenge/serverside_challenge_1/challenges/daichi1991/backend/simulator/spec/models/plan_spec.rb": {
        "lines": [
          1,
          null,
          1,
          1,
          1,
          1,
          1,
          null,
          null,
          1,
          1,
          1,
          1,
          null,
          null,
          1,
          1,
          1,
          1,
          null,
          null,
          1,
          1,
          1,
          1,
          1,
          1,
          null,
          null,
          null
        ]
      },
      "/Users/sakai/coding/enechange/coding-challenge/serverside_challenge_1/challenges/daichi1991/backend/simulator/app/models/plan.rb": {
        "lines": [
          1,
          1,
          1,
          null,
          1,
          1,
          null,
          1,
          1,
          null,
          null,
          null,
          null,
          null,
          2,
          2,
          null,
          2,
          null,
          2,
          2,
          2,
          null,
          1,
          1,
          1,
          1,
          1,
          1,
          1,
          null,
          null,
          1,
          1,
          null,
          null,
          1,
          1,
          1,
          0,
          0,
          null,
          null,
          null,
          1,
          1,
          1,
          0,
          0,
          0,
          null,
          null,
          null,
          1,
          1,
          0,
          0,
          null,
          null,
          null,
          null,
          1,
          1,
          null,
          null
        ]
      },
      "/Users/sakai/coding/enechange/coding-challenge/serverside_challenge_1/challenges/daichi1991/backend/simulator/spec/requests/plans_spec.rb": {
        "lines": [
          1,
          null,
          1,
          1,
          1,
          1,
          1,
          null,
          1,
          1,
          1,
          null,
          1,
          1,
          1,
          null,
          1,
          1,
          1,
          null,
          1,
          1,
          1,
          null,
          null,
          null
        ]
      },
      "/Users/sakai/coding/enechange/coding-challenge/serverside_challenge_1/challenges/daichi1991/backend/simulator/app/controllers/application_controller.rb": {
        "lines": [
          1,
          1,
          1,
          null,
          null,
          1,
          4,
          null,
          null
        ]
      },
      "/Users/sakai/coding/enechange/coding-challenge/serverside_challenge_1/challenges/daichi1991/backend/simulator/app/controllers/api/v1/plans_controller.rb": {
        "lines": [
          1,
          1,
          1,
          1,
          5,
          5,
          5,
          3,
          2,
          1,
          null,
          1,
          1,
          null,
          null,
          null,
          null,
          null
        ]
      }
    },
    "timestamp": 1647171968
  }
}
